<?xml version="1.0" encoding="UTF-8"?>
<testng-results ignored="0" total="1" passed="1" failed="0" skipped="0">
  <reporter-output>
  </reporter-output>
  <suite started-at="2023-12-30T22:58:07 IST" name="Default suite" finished-at="2023-12-30T22:58:11 IST" duration-ms="4675">
    <groups>
    </groups>
    <test started-at="2023-12-30T22:58:07 IST" name="Default test" finished-at="2023-12-30T22:58:11 IST" duration-ms="4675">
      <class name="com.simplilearn.cucumber.PhaseTwoFinalProject.Test2">
        <test-method is-config="true" signature="beforeSuite()[pri:0, instance:com.simplilearn.cucumber.PhaseTwoFinalProject.Test2@72967906]" started-at="2023-12-30T22:58:05 IST" name="beforeSuite" finished-at="2023-12-30T22:58:07 IST" duration-ms="1598" status="PASS">
          <reporter-output>
          </reporter-output>
        </test-method> <!-- beforeSuite -->
        <test-method is-config="true" signature="beforeClass()[pri:0, instance:com.simplilearn.cucumber.PhaseTwoFinalProject.Test2@72967906]" started-at="2023-12-30T22:58:07 IST" name="beforeClass" finished-at="2023-12-30T22:58:11 IST" duration-ms="4366" status="PASS">
          <reporter-output>
          </reporter-output>
        </test-method> <!-- beforeClass -->
        <test-method signature="testStarHealthFlow(java.lang.String,java.lang.String,java.lang.String)[pri:0, instance:com.simplilearn.cucumber.PhaseTwoFinalProject.Test2@72967906]" started-at="2023-12-30T22:58:11 IST" name="testStarHealthFlow" finished-at="2023-12-30T22:58:11 IST" duration-ms="96" status="PASS">
          <params>
            <param index="0">
              <value>
                <![CDATA[John Doe]]>
              </value>
            </param>
            <param index="1">
              <value>
                <![CDATA[1234567890]]>
              </value>
            </param>
            <param index="2">
              <value>
                <![CDATA[john.doe@example.com]]>
              </value>
            </param>
          </params>
          <reporter-output>
          </reporter-output>
        </test-method> <!-- testStarHealthFlow -->
        <test-method is-config="true" signature="afterClass()[pri:0, instance:com.simplilearn.cucumber.PhaseTwoFinalProject.Test2@72967906]" started-at="2023-12-30T22:58:11 IST" name="afterClass" finished-at="2023-12-30T22:58:11 IST" duration-ms="173" status="PASS">
          <reporter-output>
          </reporter-output>
        </test-method> <!-- afterClass -->
        <test-method is-config="true" signature="afterSuite()[pri:0, instance:com.simplilearn.cucumber.PhaseTwoFinalProject.Test2@72967906]" started-at="2023-12-30T22:58:11 IST" name="afterSuite" finished-at="2023-12-30T22:58:11 IST" duration-ms="0" status="PASS">
          <reporter-output>
          </reporter-output>
        </test-method> <!-- afterSuite -->
      </class> <!-- com.simplilearn.cucumber.PhaseTwoFinalProject.Test2 -->
    </test> <!-- Default test -->
  </suite> <!-- Default suite -->
</testng-results>
